<?xml version="1.0" encoding="UTF-8"?>
<testsuites>
  <testsuite name="Ensure_10409_post_code_returns_single_city" timestamp="2021-02-15T13:10:08" time="0.012" tests="1" failures="0" errors="0" skipped="0">
    <properties>
      <property name="specId" value="0"/>
      <property name="suiteName" value="Ensure 10409 post code returns single city"/>
      <property name="capabilities" value="chrome.88_0_4324_150.windows"/>
      <property name="file" value=".\test\specs\streetsfrompostcode.js"/>
    </properties>
    <testcase classname="chrome.88_0_4324_150.windows.Ensure_10409_post_code_returns_single_city" name="verify_OK_status" time="0.007">
      <system-out>
        <![CDATA[
COMMAND: DELETE /session/3fecd54f93a41cae47425df8dbad2aab - {}
RESULT: {}
]]>
      </system-out>
    </testcase>
  </testsuite>
</testsuites>