<?xml version="1.0" encoding="UTF-8"?>
<testsuites>
  <testsuite name="Ensure_10409_post_code_returns_single_city" timestamp="2021-02-14T19:06:25" time="0.12" tests="1" failures="0" errors="0" skipped="0">
    <properties>
      <property name="specId" value="0"/>
      <property name="suiteName" value="Ensure 10409 post code returns single city"/>
      <property name="capabilities" value="chrome.88_0_4324_150.windows"/>
      <property name="file" value=".\test\specs\citiesfrompostcodeapi.js"/>
    </properties>
    <testcase classname="chrome.88_0_4324_150.windows.Ensure_10409_post_code_returns_single_city" name="verify_Responses" time="0.039">
      <system-out>
        <![CDATA[
COMMAND: DELETE /session/01b423738efff7343154222f33c99d8d - {}
RESULT: {}
]]>
      </system-out>
    </testcase>
  </testsuite>
</testsuites>