<?xml version="1.0" encoding="UTF-8"?>
<testsuites>
  <testsuite name="DSL_Calculator_verification" timestamp="2021-02-14T20:54:21" time="8.407" tests="1" failures="0" errors="0" skipped="0">
    <properties>
      <property name="specId" value="0"/>
      <property name="suiteName" value="DSL Calculator verification"/>
      <property name="capabilities" value="chrome.88_0_4324_150.windows"/>
      <property name="file" value=".\test\specs\dslcalculator.js"/>
    </properties>
    <testcase classname="chrome.88_0_4324_150.windows.DSL_Calculator_verification" name="Using_the_calculator_I_should_see_available_tariffs_for_my_selection" time="8.405">
      <system-out>
        <![CDATA[
COMMAND: POST /session/7be39df49972921519640de2e12b9484/url - {"url":"https://www.verivox.de/"}
RESULT: {"url":"https://www.verivox.de/"}
COMMAND: POST /session/7be39df49972921519640de2e12b9484/window/maximize - {}
RESULT: {}
COMMAND: POST /session/7be39df49972921519640de2e12b9484/element - {"using":"xpath","value":"//div[contains(@class,\"cmp-container\")]//*[contains(text(),\"Cookie-Einstellungen\")]"}
RESULT: {"using":"xpath","value":"//div[contains(@class,\"cmp-container\")]//*[contains(text(),\"Cookie-Einstellungen\")]"}
COMMAND: POST /session/7be39df49972921519640de2e12b9484/elements - {"using":"xpath","value":"//div[contains(@class,\"cmp-container\")]//*[contains(text(),\"Cookie-Einstellungen\")]"}
RESULT: {"using":"xpath","value":"//div[contains(@class,\"cmp-container\")]//*[contains(text(),\"Cookie-Einstellungen\")]"}
COMMAND: POST /session/7be39df49972921519640de2e12b9484/elements - {"using":"xpath","value":"//div[contains(@class,\"cmp-container\")]//*[contains(text(),\"Cookie-Einstellungen\")]"}
RESULT: {"using":"xpath","value":"//div[contains(@class,\"cmp-container\")]//*[contains(text(),\"Cookie-Einstellungen\")]"}
COMMAND: POST /session/7be39df49972921519640de2e12b9484/elements - {"using":"xpath","value":"//div[contains(@class,\"cmp-container\")]//*[contains(text(),\"Cookie-Einstellungen\")]"}
RESULT: {"using":"xpath","value":"//div[contains(@class,\"cmp-container\")]//*[contains(text(),\"Cookie-Einstellungen\")]"}
COMMAND: POST /session/7be39df49972921519640de2e12b9484/elements - {"using":"xpath","value":"//div[contains(@class,\"cmp-container\")]//*[contains(text(),\"Cookie-Einstellungen\")]"}
RESULT: {"using":"xpath","value":"//div[contains(@class,\"cmp-container\")]//*[contains(text(),\"Cookie-Einstellungen\")]"}
COMMAND: POST /session/7be39df49972921519640de2e12b9484/elements - {"using":"xpath","value":"//div[contains(@class,\"cmp-container\")]//*[contains(text(),\"Cookie-Einstellungen\")]"}
RESULT: {"using":"xpath","value":"//div[contains(@class,\"cmp-container\")]//*[contains(text(),\"Cookie-Einstellungen\")]"}
COMMAND: POST /session/7be39df49972921519640de2e12b9484/elements - {"using":"xpath","value":"//div[contains(@class,\"cmp-container\")]//*[contains(text(),\"Cookie-Einstellungen\")]"}
RESULT: {"using":"xpath","value":"//div[contains(@class,\"cmp-container\")]//*[contains(text(),\"Cookie-Einstellungen\")]"}
COMMAND: POST /session/7be39df49972921519640de2e12b9484/elements - {"using":"xpath","value":"//div[contains(@class,\"cmp-container\")]//*[contains(text(),\"Cookie-Einstellungen\")]"}
RESULT: {"using":"xpath","value":"//div[contains(@class,\"cmp-container\")]//*[contains(text(),\"Cookie-Einstellungen\")]"}
COMMAND: POST /session/7be39df49972921519640de2e12b9484/element - {"using":"css selector","value":"#uc-btn-accept-banner"}
RESULT: {"using":"css selector","value":"#uc-btn-accept-banner"}
COMMAND: POST /session/7be39df49972921519640de2e12b9484/element/30ef80a5-0b5e-42a2-9597-9e421df0bef0/click - {}
RESULT: {}
COMMAND: POST /session/7be39df49972921519640de2e12b9484/element - {"using":"xpath","value":"//input[@id=\"page-navigation-control3\"]//.."}
RESULT: {"using":"xpath","value":"//input[@id=\"page-navigation-control3\"]//.."}
COMMAND: POST /session/7be39df49972921519640de2e12b9484/elements - {"using":"xpath","value":"//input[@id=\"page-navigation-control3\"]//.."}
RESULT: {"using":"xpath","value":"//input[@id=\"page-navigation-control3\"]//.."}
COMMAND: POST /session/7be39df49972921519640de2e12b9484/element - {"using":"xpath","value":"//input[@id=\"page-navigation-control3\"]//.."}
RESULT: {"using":"xpath","value":"//input[@id=\"page-navigation-control3\"]//.."}
COMMAND: GET /session/7be39df49972921519640de2e12b9484/element/ed3df00c-9614-4a2d-8df0-9302b97b77e6/rect - {}
RESULT: {}
COMMAND: POST /session/7be39df49972921519640de2e12b9484/execute/sync - {"script":"return (function () {\n        return { scrollX: this.pageXOffset, scrollY: this.pageYOffset };\n    }).apply(null, arguments)","args":[]}
RESULT: {"script":"return (function () {\n        return { scrollX: this.pageXOffset, scrollY: this.pageYOffset };\n    }).apply(null, arguments)","args":[]}
COMMAND: POST /session/7be39df49972921519640de2e12b9484/actions - {"actions":[{"type":"pointer","id":"finger1","parameters":{"pointerType":"mouse"},"actions":[{"type":"pointerMove","duration":0,"x":281,"y":120}]}]}
RESULT: {"actions":[{"type":"pointer","id":"finger1","parameters":{"pointerType":"mouse"},"actions":[{"type":"pointerMove","duration":0,"x":281,"y":120}]}]}
COMMAND: DELETE /session/7be39df49972921519640de2e12b9484/actions - {}
RESULT: {}
COMMAND: POST /session/7be39df49972921519640de2e12b9484/element - {"using":"css selector","value":".page-navigation-col a[href=\"/dsl-vergleich/\"]"}
RESULT: {"using":"css selector","value":".page-navigation-col a[href=\"/dsl-vergleich/\"]"}
COMMAND: POST /session/7be39df49972921519640de2e12b9484/element/e4288957-e5e1-43af-82b8-e136fa5972b2/click - {}
RESULT: {}
COMMAND: POST /session/7be39df49972921519640de2e12b9484/element - {"using":"css selector","value":"div[class=\"hero-content\"] .calculator-form"}
RESULT: {"using":"css selector","value":"div[class=\"hero-content\"] .calculator-form"}
COMMAND: POST /session/7be39df49972921519640de2e12b9484/elements - {"using":"css selector","value":"div[class=\"hero-content\"] .calculator-form"}
RESULT: {"using":"css selector","value":"div[class=\"hero-content\"] .calculator-form"}
COMMAND: POST /session/7be39df49972921519640de2e12b9484/element - {"using":"css selector","value":"div[class=\"hero-content\"] input[name=\"phonePrefix\"]"}
RESULT: {"using":"css selector","value":"div[class=\"hero-content\"] input[name=\"phonePrefix\"]"}
COMMAND: POST /session/7be39df49972921519640de2e12b9484/element/df2b5a3f-7392-44f2-a8ea-ab0a553832c0/clear - {}
RESULT: {}
COMMAND: POST /session/7be39df49972921519640de2e12b9484/element/df2b5a3f-7392-44f2-a8ea-ab0a553832c0/value - {"text":"030"}
RESULT: {"text":"030"}
COMMAND: POST /session/7be39df49972921519640de2e12b9484/elements - {"using":"xpath","value":"//div[@class=\"hero-content\"]//div[contains(@class,\"calc-toggles\")]//label"}
RESULT: {"using":"xpath","value":"//div[@class=\"hero-content\"]//div[contains(@class,\"calc-toggles\")]//label"}
COMMAND: POST /session/7be39df49972921519640de2e12b9484/element/0739b6c2-9bb1-4204-b02d-bebf9794a7cf/click - {}
RESULT: {}
COMMAND: POST /session/7be39df49972921519640de2e12b9484/element - {"using":"css selector","value":"div[class=\"hero-content\"] button[type=\"submit\"]"}
RESULT: {"using":"css selector","value":"div[class=\"hero-content\"] button[type=\"submit\"]"}
COMMAND: POST /session/7be39df49972921519640de2e12b9484/element/b312c661-a7db-4580-ad7a-d73a1e33e451/click - {}
RESULT: {}
COMMAND: POST /session/7be39df49972921519640de2e12b9484/element - {"using":"xpath","value":"//*[contains(text(),\"Verivox-Tarifempfehlung\")]"}
RESULT: {"using":"xpath","value":"//*[contains(text(),\"Verivox-Tarifempfehlung\")]"}
COMMAND: POST /session/7be39df49972921519640de2e12b9484/elements - {"using":"xpath","value":"//*[contains(text(),\"Verivox-Tarifempfehlung\")]"}
RESULT: {"using":"xpath","value":"//*[contains(text(),\"Verivox-Tarifempfehlung\")]"}
COMMAND: POST /session/7be39df49972921519640de2e12b9484/elements - {"using":"xpath","value":"//*[contains(text(),\"Verivox-Tarifempfehlung\")]"}
RESULT: {"using":"xpath","value":"//*[contains(text(),\"Verivox-Tarifempfehlung\")]"}
COMMAND: POST /session/7be39df49972921519640de2e12b9484/elements - {"using":"xpath","value":"//*[contains(text(),\"Verivox-Tarifempfehlung\")]"}
RESULT: {"using":"xpath","value":"//*[contains(text(),\"Verivox-Tarifempfehlung\")]"}
COMMAND: POST /session/7be39df49972921519640de2e12b9484/elements - {"using":"xpath","value":"//*[contains(text(),\"Verivox-Tarifempfehlung\")]"}
RESULT: {"using":"xpath","value":"//*[contains(text(),\"Verivox-Tarifempfehlung\")]"}
COMMAND: POST /session/7be39df49972921519640de2e12b9484/elements - {"using":"xpath","value":"//*[contains(text(),\"Verivox-Tarifempfehlung\")]//..//div[@class=\"owl-item active\"]"}
RESULT: {"using":"xpath","value":"//*[contains(text(),\"Verivox-Tarifempfehlung\")]//..//div[@class=\"owl-item active\"]"}
COMMAND: POST /session/7be39df49972921519640de2e12b9484/elements - {"using":"xpath","value":"//*[contains(text(),\"Ermittelte Tarife\")]/following-sibling::div[contains(@class,\"row\")]"}
RESULT: {"using":"xpath","value":"//*[contains(text(),\"Ermittelte Tarife\")]/following-sibling::div[contains(@class,\"row\")]"}
COMMAND: POST /session/7be39df49972921519640de2e12b9484/elements - {"using":"xpath","value":"//*[contains(text(),\"Verivox-Tarifempfehlung\")]//..//div[@class=\"owl-item active\"]"}
RESULT: {"using":"xpath","value":"//*[contains(text(),\"Verivox-Tarifempfehlung\")]//..//div[@class=\"owl-item active\"]"}
COMMAND: POST /session/7be39df49972921519640de2e12b9484/elements - {"using":"xpath","value":"//*[contains(text(),\"Ermittelte Tarife\")]/following-sibling::div[contains(@class,\"row\")]"}
RESULT: {"using":"xpath","value":"//*[contains(text(),\"Ermittelte Tarife\")]/following-sibling::div[contains(@class,\"row\")]"}
COMMAND: POST /session/7be39df49972921519640de2e12b9484/element - {"using":"xpath","value":"//button[@class=\"btn btn-primary text-uppercase\"]"}
RESULT: {"using":"xpath","value":"//button[@class=\"btn btn-primary text-uppercase\"]"}
COMMAND: POST /session/7be39df49972921519640de2e12b9484/execute/sync - {"script":"return (function isElementDisplayed(element) {\n    function nodeIsElement(node) {\n        if (!node) {\n            return false;\n        }\n        switch (node.nodeType) {\n            case Node.ELEMEN ... (5353 more bytes)","args":[{"element-6066-11e4-a52e-4f735466cecf":"e40fb521-74a8-4140-b9ab-4c574753667a","ELEMENT":"e40fb521-74a8-4140-b9ab-4c574753667a"}]}
RESULT: {"script":"return (function isElementDisplayed(element) {\n    function nodeIsElement(node) {\n        if (!node) {\n            return false;\n        }\n        switch (node.nodeType) {\n            case Node.ELEMEN ... (5353 more bytes)","args":[{"element-6066-11e4-a52e-4f735466cecf":"e40fb521-74a8-4140-b9ab-4c574753667a","ELEMENT":"e40fb521-74a8-4140-b9ab-4c574753667a"}]}
COMMAND: POST /session/7be39df49972921519640de2e12b9484/elements - {"using":"xpath","value":"//*[contains(text(),\"Ermittelte Tarife\")]//..//..//div[@class=\"row my-4\"]//app-tariff-speed//div[contains(@class,\"speed-download\")]//b"}
RESULT: {"using":"xpath","value":"//*[contains(text(),\"Ermittelte Tarife\")]//..//..//div[@class=\"row my-4\"]//app-tariff-speed//div[contains(@class,\"speed-download\")]//b"}
COMMAND: POST /session/7be39df49972921519640de2e12b9484/elements - {"using":"xpath","value":"//*[contains(text(),\"Ermittelte Tarife\")]//..//..//div[@class=\"row my-4\"]//app-tariff-speed//div[contains(@class,\"speed-download\")]//b"}
RESULT: {"using":"xpath","value":"//*[contains(text(),\"Ermittelte Tarife\")]//..//..//div[@class=\"row my-4\"]//app-tariff-speed//div[contains(@class,\"speed-download\")]//b"}
COMMAND: GET /session/7be39df49972921519640de2e12b9484/element/9941093c-0ca6-4e1b-af5f-a7825bc70925/text - {}
RESULT: {}
COMMAND: POST /session/7be39df49972921519640de2e12b9484/elements - {"using":"xpath","value":"//*[contains(text(),\"Ermittelte Tarife\")]//..//..//div[@class=\"row my-4\"]//app-tariff-speed//div[contains(@class,\"speed-download\")]//b"}
RESULT: {"using":"xpath","value":"//*[contains(text(),\"Ermittelte Tarife\")]//..//..//div[@class=\"row my-4\"]//app-tariff-speed//div[contains(@class,\"speed-download\")]//b"}
COMMAND: POST /session/7be39df49972921519640de2e12b9484/elements - {"using":"xpath","value":"//*[contains(text(),\"Ermittelte Tarife\")]//..//..//div[@class=\"row my-4\"]//app-tariff-speed//div[contains(@class,\"speed-download\")]//b"}
RESULT: {"using":"xpath","value":"//*[contains(text(),\"Ermittelte Tarife\")]//..//..//div[@class=\"row my-4\"]//app-tariff-speed//div[contains(@class,\"speed-download\")]//b"}
COMMAND: GET /session/7be39df49972921519640de2e12b9484/element/e7c3df76-dab5-43a4-8121-578df9524ade/text - {}
RESULT: {}
COMMAND: POST /session/7be39df49972921519640de2e12b9484/elements - {"using":"xpath","value":"//*[contains(text(),\"Ermittelte Tarife\")]//..//..//div[@class=\"row my-4\"]//app-tariff-speed//div[contains(@class,\"speed-download\")]//b"}
RESULT: {"using":"xpath","value":"//*[contains(text(),\"Ermittelte Tarife\")]//..//..//div[@class=\"row my-4\"]//app-tariff-speed//div[contains(@class,\"speed-download\")]//b"}
COMMAND: POST /session/7be39df49972921519640de2e12b9484/elements - {"using":"xpath","value":"//*[contains(text(),\"Ermittelte Tarife\")]//..//..//div[@class=\"row my-4\"]//app-tariff-speed//div[contains(@class,\"speed-download\")]//b"}
RESULT: {"using":"xpath","value":"//*[contains(text(),\"Ermittelte Tarife\")]//..//..//div[@class=\"row my-4\"]//app-tariff-speed//div[contains(@class,\"speed-download\")]//b"}
COMMAND: GET /session/7be39df49972921519640de2e12b9484/element/7b93945b-42ce-494e-b4ab-12b5009a52f5/text - {}
RESULT: {}
COMMAND: POST /session/7be39df49972921519640de2e12b9484/elements - {"using":"xpath","value":"//*[contains(text(),\"Ermittelte Tarife\")]//..//..//div[@class=\"row my-4\"]//app-tariff-speed//div[contains(@class,\"speed-download\")]//b"}
RESULT: {"using":"xpath","value":"//*[contains(text(),\"Ermittelte Tarife\")]//..//..//div[@class=\"row my-4\"]//app-tariff-speed//div[contains(@class,\"speed-download\")]//b"}
COMMAND: POST /session/7be39df49972921519640de2e12b9484/elements - {"using":"xpath","value":"//*[contains(text(),\"Ermittelte Tarife\")]//..//..//div[@class=\"row my-4\"]//app-tariff-speed//div[contains(@class,\"speed-download\")]//b"}
RESULT: {"using":"xpath","value":"//*[contains(text(),\"Ermittelte Tarife\")]//..//..//div[@class=\"row my-4\"]//app-tariff-speed//div[contains(@class,\"speed-download\")]//b"}
COMMAND: GET /session/7be39df49972921519640de2e12b9484/element/6566e273-a04c-4d20-b247-3e2a96f5638b/text - {}
RESULT: {}
COMMAND: POST /session/7be39df49972921519640de2e12b9484/elements - {"using":"xpath","value":"//*[contains(text(),\"Ermittelte Tarife\")]//..//..//div[@class=\"row my-4\"]//app-tariff-speed//div[contains(@class,\"speed-download\")]//b"}
RESULT: {"using":"xpath","value":"//*[contains(text(),\"Ermittelte Tarife\")]//..//..//div[@class=\"row my-4\"]//app-tariff-speed//div[contains(@class,\"speed-download\")]//b"}
COMMAND: POST /session/7be39df49972921519640de2e12b9484/elements - {"using":"xpath","value":"//*[contains(text(),\"Ermittelte Tarife\")]//..//..//div[@class=\"row my-4\"]//app-tariff-speed//div[contains(@class,\"speed-download\")]//b"}
RESULT: {"using":"xpath","value":"//*[contains(text(),\"Ermittelte Tarife\")]//..//..//div[@class=\"row my-4\"]//app-tariff-speed//div[contains(@class,\"speed-download\")]//b"}
COMMAND: GET /session/7be39df49972921519640de2e12b9484/element/b62aac82-f29f-4efc-8ee9-a26a1e74ba6d/text - {}
RESULT: {}
COMMAND: POST /session/7be39df49972921519640de2e12b9484/elements - {"using":"xpath","value":"//*[contains(text(),\"Ermittelte Tarife\")]//..//..//div[@class=\"row my-4\"]//app-tariff-speed//div[contains(@class,\"speed-download\")]//b"}
RESULT: {"using":"xpath","value":"//*[contains(text(),\"Ermittelte Tarife\")]//..//..//div[@class=\"row my-4\"]//app-tariff-speed//div[contains(@class,\"speed-download\")]//b"}
COMMAND: POST /session/7be39df49972921519640de2e12b9484/elements - {"using":"xpath","value":"//*[contains(text(),\"Ermittelte Tarife\")]//..//..//div[@class=\"row my-4\"]//app-tariff-speed//div[contains(@class,\"speed-download\")]//b"}
RESULT: {"using":"xpath","value":"//*[contains(text(),\"Ermittelte Tarife\")]//..//..//div[@class=\"row my-4\"]//app-tariff-speed//div[contains(@class,\"speed-download\")]//b"}
COMMAND: GET /session/7be39df49972921519640de2e12b9484/element/003730e5-7a93-4a5a-a08a-8022dee707e7/text - {}
RESULT: {}
COMMAND: POST /session/7be39df49972921519640de2e12b9484/elements - {"using":"xpath","value":"//*[contains(text(),\"Ermittelte Tarife\")]//..//..//div[@class=\"row my-4\"]//app-tariff-speed//div[contains(@class,\"speed-download\")]//b"}
RESULT: {"using":"xpath","value":"//*[contains(text(),\"Ermittelte Tarife\")]//..//..//div[@class=\"row my-4\"]//app-tariff-speed//div[contains(@class,\"speed-download\")]//b"}
COMMAND: POST /session/7be39df49972921519640de2e12b9484/elements - {"using":"xpath","value":"//*[contains(text(),\"Ermittelte Tarife\")]//..//..//div[@class=\"row my-4\"]//app-tariff-speed//div[contains(@class,\"speed-download\")]//b"}
RESULT: {"using":"xpath","value":"//*[contains(text(),\"Ermittelte Tarife\")]//..//..//div[@class=\"row my-4\"]//app-tariff-speed//div[contains(@class,\"speed-download\")]//b"}
COMMAND: GET /session/7be39df49972921519640de2e12b9484/element/d1dca994-7a2d-451f-b2fb-2120b5c44199/text - {}
RESULT: {}
COMMAND: POST /session/7be39df49972921519640de2e12b9484/elements - {"using":"xpath","value":"//*[contains(text(),\"Ermittelte Tarife\")]//..//..//div[@class=\"row my-4\"]//app-tariff-speed//div[contains(@class,\"speed-download\")]//b"}
RESULT: {"using":"xpath","value":"//*[contains(text(),\"Ermittelte Tarife\")]//..//..//div[@class=\"row my-4\"]//app-tariff-speed//div[contains(@class,\"speed-download\")]//b"}
COMMAND: POST /session/7be39df49972921519640de2e12b9484/elements - {"using":"xpath","value":"//*[contains(text(),\"Ermittelte Tarife\")]//..//..//div[@class=\"row my-4\"]//app-tariff-speed//div[contains(@class,\"speed-download\")]//b"}
RESULT: {"using":"xpath","value":"//*[contains(text(),\"Ermittelte Tarife\")]//..//..//div[@class=\"row my-4\"]//app-tariff-speed//div[contains(@class,\"speed-download\")]//b"}
COMMAND: GET /session/7be39df49972921519640de2e12b9484/element/83234c17-318c-448c-bd67-0c9b3ad405f4/text - {}
RESULT: {}
COMMAND: POST /session/7be39df49972921519640de2e12b9484/elements - {"using":"xpath","value":"//*[contains(text(),\"Ermittelte Tarife\")]//..//..//div[@class=\"row my-4\"]//app-tariff-speed//div[contains(@class,\"speed-download\")]//b"}
RESULT: {"using":"xpath","value":"//*[contains(text(),\"Ermittelte Tarife\")]//..//..//div[@class=\"row my-4\"]//app-tariff-speed//div[contains(@class,\"speed-download\")]//b"}
COMMAND: POST /session/7be39df49972921519640de2e12b9484/elements - {"using":"xpath","value":"//*[contains(text(),\"Ermittelte Tarife\")]//..//..//div[@class=\"row my-4\"]//app-tariff-speed//div[contains(@class,\"speed-download\")]//b"}
RESULT: {"using":"xpath","value":"//*[contains(text(),\"Ermittelte Tarife\")]//..//..//div[@class=\"row my-4\"]//app-tariff-speed//div[contains(@class,\"speed-download\")]//b"}
COMMAND: GET /session/7be39df49972921519640de2e12b9484/element/1b22a973-15af-40e9-9148-787aa1834d33/text - {}
RESULT: {}
COMMAND: POST /session/7be39df49972921519640de2e12b9484/elements - {"using":"xpath","value":"//*[contains(text(),\"Ermittelte Tarife\")]//..//..//div[@class=\"row my-4\"]//app-tariff-speed//div[contains(@class,\"speed-download\")]//b"}
RESULT: {"using":"xpath","value":"//*[contains(text(),\"Ermittelte Tarife\")]//..//..//div[@class=\"row my-4\"]//app-tariff-speed//div[contains(@class,\"speed-download\")]//b"}
COMMAND: POST /session/7be39df49972921519640de2e12b9484/elements - {"using":"xpath","value":"//*[contains(text(),\"Ermittelte Tarife\")]//..//..//div[@class=\"row my-4\"]//app-tariff-speed//div[contains(@class,\"speed-download\")]//b"}
RESULT: {"using":"xpath","value":"//*[contains(text(),\"Ermittelte Tarife\")]//..//..//div[@class=\"row my-4\"]//app-tariff-speed//div[contains(@class,\"speed-download\")]//b"}
COMMAND: GET /session/7be39df49972921519640de2e12b9484/element/439a1f41-7b72-4e66-b48b-2dac8c403c75/text - {}
RESULT: {}
COMMAND: POST /session/7be39df49972921519640de2e12b9484/elements - {"using":"xpath","value":"//*[contains(text(),\"Ermittelte Tarife\")]//..//..//div[@class=\"row my-4\"]//app-tariff-speed//div[contains(@class,\"speed-download\")]//b"}
RESULT: {"using":"xpath","value":"//*[contains(text(),\"Ermittelte Tarife\")]//..//..//div[@class=\"row my-4\"]//app-tariff-speed//div[contains(@class,\"speed-download\")]//b"}
COMMAND: POST /session/7be39df49972921519640de2e12b9484/elements - {"using":"xpath","value":"//*[contains(text(),\"Ermittelte Tarife\")]//..//..//div[@class=\"row my-4\"]//app-tariff-speed//div[contains(@class,\"speed-download\")]//b"}
RESULT: {"using":"xpath","value":"//*[contains(text(),\"Ermittelte Tarife\")]//..//..//div[@class=\"row my-4\"]//app-tariff-speed//div[contains(@class,\"speed-download\")]//b"}
COMMAND: GET /session/7be39df49972921519640de2e12b9484/element/54717849-35ae-4004-a6b5-1ee4a6bcc6c9/text - {}
RESULT: {}
COMMAND: POST /session/7be39df49972921519640de2e12b9484/elements - {"using":"xpath","value":"//*[contains(text(),\"Ermittelte Tarife\")]//..//..//div[@class=\"row my-4\"]//app-tariff-speed//div[contains(@class,\"speed-download\")]//b"}
RESULT: {"using":"xpath","value":"//*[contains(text(),\"Ermittelte Tarife\")]//..//..//div[@class=\"row my-4\"]//app-tariff-speed//div[contains(@class,\"speed-download\")]//b"}
COMMAND: POST /session/7be39df49972921519640de2e12b9484/elements - {"using":"xpath","value":"//*[contains(text(),\"Ermittelte Tarife\")]//..//..//div[@class=\"row my-4\"]//app-tariff-speed//div[contains(@class,\"speed-download\")]//b"}
RESULT: {"using":"xpath","value":"//*[contains(text(),\"Ermittelte Tarife\")]//..//..//div[@class=\"row my-4\"]//app-tariff-speed//div[contains(@class,\"speed-download\")]//b"}
COMMAND: GET /session/7be39df49972921519640de2e12b9484/element/7b90d1e5-7501-4c30-b17e-c4ae33770d63/text - {}
RESULT: {}
COMMAND: POST /session/7be39df49972921519640de2e12b9484/elements - {"using":"xpath","value":"//*[contains(text(),\"Ermittelte Tarife\")]//..//..//div[@class=\"row my-4\"]//app-tariff-speed//div[contains(@class,\"speed-download\")]//b"}
RESULT: {"using":"xpath","value":"//*[contains(text(),\"Ermittelte Tarife\")]//..//..//div[@class=\"row my-4\"]//app-tariff-speed//div[contains(@class,\"speed-download\")]//b"}
COMMAND: POST /session/7be39df49972921519640de2e12b9484/elements - {"using":"xpath","value":"//*[contains(text(),\"Ermittelte Tarife\")]//..//..//div[@class=\"row my-4\"]//app-tariff-speed//div[contains(@class,\"speed-download\")]//b"}
RESULT: {"using":"xpath","value":"//*[contains(text(),\"Ermittelte Tarife\")]//..//..//div[@class=\"row my-4\"]//app-tariff-speed//div[contains(@class,\"speed-download\")]//b"}
COMMAND: GET /session/7be39df49972921519640de2e12b9484/element/47ca6a64-75e0-4a6d-b4c1-e64dd182f79a/text - {}
RESULT: {}
COMMAND: POST /session/7be39df49972921519640de2e12b9484/elements - {"using":"xpath","value":"//*[contains(text(),\"Ermittelte Tarife\")]//..//..//div[@class=\"row my-4\"]//app-tariff-speed//div[contains(@class,\"speed-download\")]//b"}
RESULT: {"using":"xpath","value":"//*[contains(text(),\"Ermittelte Tarife\")]//..//..//div[@class=\"row my-4\"]//app-tariff-speed//div[contains(@class,\"speed-download\")]//b"}
COMMAND: POST /session/7be39df49972921519640de2e12b9484/elements - {"using":"xpath","value":"//*[contains(text(),\"Ermittelte Tarife\")]//..//..//div[@class=\"row my-4\"]//app-tariff-speed//div[contains(@class,\"speed-download\")]//b"}
RESULT: {"using":"xpath","value":"//*[contains(text(),\"Ermittelte Tarife\")]//..//..//div[@class=\"row my-4\"]//app-tariff-speed//div[contains(@class,\"speed-download\")]//b"}
COMMAND: GET /session/7be39df49972921519640de2e12b9484/element/695cf4a7-9084-44d5-90f7-4f82d0cc5e25/text - {}
RESULT: {}
COMMAND: POST /session/7be39df49972921519640de2e12b9484/elements - {"using":"xpath","value":"//*[contains(text(),\"Ermittelte Tarife\")]//..//..//div[@class=\"row my-4\"]//app-tariff-speed//div[contains(@class,\"speed-download\")]//b"}
RESULT: {"using":"xpath","value":"//*[contains(text(),\"Ermittelte Tarife\")]//..//..//div[@class=\"row my-4\"]//app-tariff-speed//div[contains(@class,\"speed-download\")]//b"}
COMMAND: POST /session/7be39df49972921519640de2e12b9484/elements - {"using":"xpath","value":"//*[contains(text(),\"Ermittelte Tarife\")]//..//..//div[@class=\"row my-4\"]//app-tariff-speed//div[contains(@class,\"speed-download\")]//b"}
RESULT: {"using":"xpath","value":"//*[contains(text(),\"Ermittelte Tarife\")]//..//..//div[@class=\"row my-4\"]//app-tariff-speed//div[contains(@class,\"speed-download\")]//b"}
COMMAND: GET /session/7be39df49972921519640de2e12b9484/element/a7dd4c05-7c8f-4da3-b531-474d832a6502/text - {}
RESULT: {}
COMMAND: POST /session/7be39df49972921519640de2e12b9484/elements - {"using":"xpath","value":"//*[contains(text(),\"Ermittelte Tarife\")]//..//..//div[@class=\"row my-4\"]//app-tariff-speed//div[contains(@class,\"speed-download\")]//b"}
RESULT: {"using":"xpath","value":"//*[contains(text(),\"Ermittelte Tarife\")]//..//..//div[@class=\"row my-4\"]//app-tariff-speed//div[contains(@class,\"speed-download\")]//b"}
COMMAND: POST /session/7be39df49972921519640de2e12b9484/elements - {"using":"xpath","value":"//*[contains(text(),\"Ermittelte Tarife\")]//..//..//div[@class=\"row my-4\"]//app-tariff-speed//div[contains(@class,\"speed-download\")]//b"}
RESULT: {"using":"xpath","value":"//*[contains(text(),\"Ermittelte Tarife\")]//..//..//div[@class=\"row my-4\"]//app-tariff-speed//div[contains(@class,\"speed-download\")]//b"}
COMMAND: GET /session/7be39df49972921519640de2e12b9484/element/c26c182e-6114-4aa9-8c22-7fe04130573a/text - {}
RESULT: {}
COMMAND: POST /session/7be39df49972921519640de2e12b9484/elements - {"using":"xpath","value":"//*[contains(text(),\"Ermittelte Tarife\")]//..//..//div[@class=\"row my-4\"]//app-tariff-speed//div[contains(@class,\"speed-download\")]//b"}
RESULT: {"using":"xpath","value":"//*[contains(text(),\"Ermittelte Tarife\")]//..//..//div[@class=\"row my-4\"]//app-tariff-speed//div[contains(@class,\"speed-download\")]//b"}
COMMAND: POST /session/7be39df49972921519640de2e12b9484/elements - {"using":"xpath","value":"//*[contains(text(),\"Ermittelte Tarife\")]//..//..//div[@class=\"row my-4\"]//app-tariff-speed//div[contains(@class,\"speed-download\")]//b"}
RESULT: {"using":"xpath","value":"//*[contains(text(),\"Ermittelte Tarife\")]//..//..//div[@class=\"row my-4\"]//app-tariff-speed//div[contains(@class,\"speed-download\")]//b"}
COMMAND: GET /session/7be39df49972921519640de2e12b9484/element/e94fbbbb-2e79-43b8-8981-40edf63ae04f/text - {}
RESULT: {}
COMMAND: POST /session/7be39df49972921519640de2e12b9484/elements - {"using":"xpath","value":"//*[contains(text(),\"Ermittelte Tarife\")]//..//..//div[@class=\"row my-4\"]//app-tariff-speed//div[contains(@class,\"speed-download\")]//b"}
RESULT: {"using":"xpath","value":"//*[contains(text(),\"Ermittelte Tarife\")]//..//..//div[@class=\"row my-4\"]//app-tariff-speed//div[contains(@class,\"speed-download\")]//b"}
COMMAND: POST /session/7be39df49972921519640de2e12b9484/elements - {"using":"xpath","value":"//*[contains(text(),\"Ermittelte Tarife\")]//..//..//div[@class=\"row my-4\"]//app-tariff-speed//div[contains(@class,\"speed-download\")]//b"}
RESULT: {"using":"xpath","value":"//*[contains(text(),\"Ermittelte Tarife\")]//..//..//div[@class=\"row my-4\"]//app-tariff-speed//div[contains(@class,\"speed-download\")]//b"}
COMMAND: GET /session/7be39df49972921519640de2e12b9484/element/0569e38c-ba0f-42f3-aba1-1e359038483e/text - {}
RESULT: {}
COMMAND: POST /session/7be39df49972921519640de2e12b9484/elements - {"using":"xpath","value":"//*[contains(text(),\"Ermittelte Tarife\")]//..//..//div[@class=\"row my-4\"]//app-tariff-speed//div[contains(@class,\"speed-download\")]//b"}
RESULT: {"using":"xpath","value":"//*[contains(text(),\"Ermittelte Tarife\")]//..//..//div[@class=\"row my-4\"]//app-tariff-speed//div[contains(@class,\"speed-download\")]//b"}
COMMAND: POST /session/7be39df49972921519640de2e12b9484/elements - {"using":"xpath","value":"//*[contains(text(),\"Ermittelte Tarife\")]//..//..//div[@class=\"row my-4\"]//app-tariff-speed//div[contains(@class,\"speed-download\")]//b"}
RESULT: {"using":"xpath","value":"//*[contains(text(),\"Ermittelte Tarife\")]//..//..//div[@class=\"row my-4\"]//app-tariff-speed//div[contains(@class,\"speed-download\")]//b"}
COMMAND: GET /session/7be39df49972921519640de2e12b9484/element/159d8488-8aee-4df7-bff6-700536161852/text - {}
RESULT: {}
COMMAND: POST /session/7be39df49972921519640de2e12b9484/elements - {"using":"xpath","value":"//*[contains(text(),\"Ermittelte Tarife\")]//..//..//div[@class=\"row my-4\"]//app-tariff-speed//div[contains(@class,\"speed-download\")]//b"}
RESULT: {"using":"xpath","value":"//*[contains(text(),\"Ermittelte Tarife\")]//..//..//div[@class=\"row my-4\"]//app-tariff-speed//div[contains(@class,\"speed-download\")]//b"}
COMMAND: DELETE /session/7be39df49972921519640de2e12b9484 - {}
RESULT: {}
]]>
      </system-out>
    </testcase>
  </testsuite>
</testsuites>